<?xml version="1.0" encoding="UTF-8"?>
<!-- Generated by org.testng.reporters.JUnitXMLReporter -->
<testsuite hostname="MAC16738" name="Test" tests="5" failures="0" timestamp="19 Jun 2021 14:40:02 GMT" time="4.368" errors="0">
  <testcase name="runScenario" time="1.594" classname="com.qa.runnerpkg.Runner"/>
  <testcase name="runScenario" time="0.575" classname="com.qa.runnerpkg.Runner"/>
  <testcase name="runScenario" time="0.577" classname="com.qa.runnerpkg.Runner"/>
  <testcase name="runScenario" time="0.599" classname="com.qa.runnerpkg.Runner"/>
  <testcase name="runScenario" time="0.841" classname="com.qa.runnerpkg.Runner"/>
</testsuite> <!-- Test -->
