<?xml version="1.0" encoding="UTF-8"?>
<testng-results skipped="0" failed="0" total="3" passed="3">
  <reporter-output>
  </reporter-output>
  <suite name="Suite" duration-ms="3323" started-at="2021-06-19T09:14:03Z" finished-at="2021-06-19T09:14:06Z">
    <groups>
      <group name="cucumber">
        <method signature="AbstractTestNGCucumberTests.runScenario(io.cucumber.testng.PickleEventWrapper, io.cucumber.testng.CucumberFeatureWrapper)[pri:0, instance:com.qa.runnerpkg.Runner@34b7bfc0]" name="runScenario" class="io.cucumber.testng.AbstractTestNGCucumberTests"/>
      </group> <!-- cucumber -->
    </groups>
    <test name="Test" duration-ms="3323" started-at="2021-06-19T09:14:03Z" finished-at="2021-06-19T09:14:06Z">
      <class name="com.qa.runnerpkg.Runner">
        <test-method status="PASS" signature="setUpClass()[pri:0, instance:com.qa.runnerpkg.Runner@34b7bfc0]" name="setUpClass" is-config="true" duration-ms="72" started-at="2021-06-19T19:14:03Z" finished-at="2021-06-19T19:14:03Z">
          <reporter-output>
          </reporter-output>
        </test-method> <!-- setUpClass -->
        <test-method status="PASS" signature="runScenario(io.cucumber.testng.PickleEventWrapper, io.cucumber.testng.CucumberFeatureWrapper)[pri:0, instance:com.qa.runnerpkg.Runner@34b7bfc0]" name="runScenario" duration-ms="1749" started-at="2021-06-19T19:14:03Z" description="Runs Cucumber Scenarios" data-provider="scenarios" finished-at="2021-06-19T19:14:05Z">
          <params>
            <param index="0">
              <value>
                <![CDATA["To validate that attempt to register a weather station without an API key"]]>
              </value>
            </param>
            <param index="1">
              <value>
                <![CDATA["This feature is to test open APIs of the weather stations"]]>
              </value>
            </param>
          </params>
          <reporter-output>
          </reporter-output>
        </test-method> <!-- runScenario -->
        <test-method status="PASS" signature="runScenario(io.cucumber.testng.PickleEventWrapper, io.cucumber.testng.CucumberFeatureWrapper)[pri:0, instance:com.qa.runnerpkg.Runner@34b7bfc0]" name="runScenario" duration-ms="724" started-at="2021-06-19T19:14:05Z" description="Runs Cucumber Scenarios" data-provider="scenarios" finished-at="2021-06-19T19:14:06Z">
          <params>
            <param index="0">
              <value>
                <![CDATA["To successfully register two stations"]]>
              </value>
            </param>
            <param index="1">
              <value>
                <![CDATA["This feature is to test open APIs of the weather stations"]]>
              </value>
            </param>
          </params>
          <reporter-output>
          </reporter-output>
        </test-method> <!-- runScenario -->
        <test-method status="PASS" signature="runScenario(io.cucumber.testng.PickleEventWrapper, io.cucumber.testng.CucumberFeatureWrapper)[pri:0, instance:com.qa.runnerpkg.Runner@34b7bfc0]" name="runScenario" duration-ms="680" started-at="2021-06-19T19:14:06Z" description="Runs Cucumber Scenarios" data-provider="scenarios" finished-at="2021-06-19T19:14:06Z">
          <params>
            <param index="0">
              <value>
                <![CDATA["To successfully register two stations"]]>
              </value>
            </param>
            <param index="1">
              <value>
                <![CDATA["This feature is to test open APIs of the weather stations"]]>
              </value>
            </param>
          </params>
          <reporter-output>
          </reporter-output>
        </test-method> <!-- runScenario -->
        <test-method status="PASS" signature="tearDownClass()[pri:0, instance:com.qa.runnerpkg.Runner@34b7bfc0]" name="tearDownClass" is-config="true" duration-ms="55" started-at="2021-06-19T19:14:06Z" finished-at="2021-06-19T19:14:06Z">
          <reporter-output>
          </reporter-output>
        </test-method> <!-- tearDownClass -->
      </class> <!-- com.qa.runnerpkg.Runner -->
    </test> <!-- Test -->
  </suite> <!-- Suite -->
</testng-results>
